<?xml version="1.0" encoding="UTF-8"?>
<testng-results ignored="0" total="3" passed="3" failed="0" skipped="0">
  <reporter-output>
  </reporter-output>
  <suite started-at="2019-05-26T11:08:47Z" name="INetBankingVersion1" finished-at="2019-05-26T11:10:36Z" duration-ms="109425">
    <groups>
    </groups>
    <test started-at="2019-05-26T11:08:47Z" name="Banking Application Test" finished-at="2019-05-26T11:10:36Z" duration-ms="109425">
      <class name="com.inetbanking.testClass.TestLoginPage_DataDriven">
        <test-method is-config="true" signature="setUp(java.lang.String)[pri:0, instance:com.inetbanking.testClass.TestLoginPage_DataDriven@143640d5]" started-at="2019-05-26T11:08:47Z" name="setUp" finished-at="2019-05-26T11:08:57Z" duration-ms="10262" status="PASS">
          <params>
            <param index="0">
              <value>
                <![CDATA[firefox]]>
              </value>
            </param>
          </params>
          <reporter-output>
          </reporter-output>
        </test-method> <!-- setUp -->
        <test-method is-config="true" signature="setUp(java.lang.String)[pri:0, instance:com.inetbanking.testClass.TestLoginPage_DataDriven@143640d5]" started-at="2019-05-26T11:08:59Z" name="setUp" finished-at="2019-05-26T11:09:10Z" duration-ms="10934" status="PASS">
          <params>
            <param index="0">
              <value>
                <![CDATA[firefox]]>
              </value>
            </param>
          </params>
          <reporter-output>
          </reporter-output>
        </test-method> <!-- setUp -->
        <test-method signature="loginTestDataDriven(java.lang.String, java.lang.String)[pri:0, instance:com.inetbanking.testClass.TestLoginPage_DataDriven@143640d5]" started-at="2019-05-26T11:09:10Z" name="loginTestDataDriven" data-provider="loginData" finished-at="2019-05-26T11:09:17Z" duration-ms="7410" status="PASS">
          <params>
            <param index="0">
              <value>
                <![CDATA[mngr197415]]>
              </value>
            </param>
            <param index="1">
              <value>
                <![CDATA[hUvEzUh]]>
              </value>
            </param>
          </params>
          <reporter-output>
          </reporter-output>
        </test-method> <!-- loginTestDataDriven -->
        <test-method is-config="true" signature="tearDown()[pri:0, instance:com.inetbanking.testClass.TestLoginPage_DataDriven@143640d5]" started-at="2019-05-26T11:09:17Z" name="tearDown" finished-at="2019-05-26T11:09:25Z" duration-ms="8280" status="PASS">
          <reporter-output>
          </reporter-output>
        </test-method> <!-- tearDown -->
        <test-method is-config="true" signature="setUp(java.lang.String)[pri:0, instance:com.inetbanking.testClass.TestLoginPage_DataDriven@143640d5]" started-at="2019-05-26T11:09:25Z" name="setUp" finished-at="2019-05-26T11:09:35Z" duration-ms="9836" status="PASS">
          <params>
            <param index="0">
              <value>
                <![CDATA[firefox]]>
              </value>
            </param>
          </params>
          <reporter-output>
          </reporter-output>
        </test-method> <!-- setUp -->
        <test-method signature="loginTestDataDriven(java.lang.String, java.lang.String)[pri:0, instance:com.inetbanking.testClass.TestLoginPage_DataDriven@143640d5]" started-at="2019-05-26T11:09:35Z" name="loginTestDataDriven" data-provider="loginData" finished-at="2019-05-26T11:09:44Z" duration-ms="9240" status="PASS">
          <params>
            <param index="0">
              <value>
                <![CDATA[mngr197415]]>
              </value>
            </param>
            <param index="1">
              <value>
                <![CDATA[hUvEzUh]]>
              </value>
            </param>
          </params>
          <reporter-output>
          </reporter-output>
        </test-method> <!-- loginTestDataDriven -->
        <test-method is-config="true" signature="tearDown()[pri:0, instance:com.inetbanking.testClass.TestLoginPage_DataDriven@143640d5]" started-at="2019-05-26T11:09:44Z" name="tearDown" finished-at="2019-05-26T11:09:53Z" duration-ms="8775" status="PASS">
          <reporter-output>
          </reporter-output>
        </test-method> <!-- tearDown -->
        <test-method is-config="true" signature="setUp(java.lang.String)[pri:0, instance:com.inetbanking.testClass.TestLoginPage_DataDriven@143640d5]" started-at="2019-05-26T11:09:53Z" name="setUp" finished-at="2019-05-26T11:10:18Z" duration-ms="24934" status="PASS">
          <params>
            <param index="0">
              <value>
                <![CDATA[firefox]]>
              </value>
            </param>
          </params>
          <reporter-output>
          </reporter-output>
        </test-method> <!-- setUp -->
        <test-method signature="loginTestDataDriven(java.lang.String, java.lang.String)[pri:0, instance:com.inetbanking.testClass.TestLoginPage_DataDriven@143640d5]" started-at="2019-05-26T11:10:18Z" name="loginTestDataDriven" data-provider="loginData" finished-at="2019-05-26T11:10:26Z" duration-ms="7564" status="PASS">
          <params>
            <param index="0">
              <value>
                <![CDATA[mngr197415]]>
              </value>
            </param>
            <param index="1">
              <value>
                <![CDATA[hUvEzUh]]>
              </value>
            </param>
          </params>
          <reporter-output>
          </reporter-output>
        </test-method> <!-- loginTestDataDriven -->
        <test-method is-config="true" signature="tearDown()[pri:0, instance:com.inetbanking.testClass.TestLoginPage_DataDriven@143640d5]" started-at="2019-05-26T11:10:26Z" name="tearDown" finished-at="2019-05-26T11:10:36Z" duration-ms="10281" status="PASS">
          <reporter-output>
          </reporter-output>
        </test-method> <!-- tearDown -->
        <test-method is-config="true" signature="tearDown()[pri:0, instance:com.inetbanking.testClass.TestLoginPage_DataDriven@143640d5]" started-at="2019-05-26T11:10:36Z" name="tearDown" finished-at="2019-05-26T11:10:36Z" duration-ms="1" status="PASS">
          <reporter-output>
          </reporter-output>
        </test-method> <!-- tearDown -->
      </class> <!-- com.inetbanking.testClass.TestLoginPage_DataDriven -->
    </test> <!-- Banking Application Test -->
  </suite> <!-- INetBankingVersion1 -->
</testng-results>
