<?xml version="1.0" encoding="UTF-8"?>
<!-- Generated by org.testng.reporters.JUnitXMLReporter -->
<testsuite ignored="0" hostname="manish-Latitude-3460" failures="0" tests="3" name="Banking Application Test" time="109.425" errors="0" timestamp="26 May 2019 11:10:36 GMT">
  <testcase classname="com.inetbanking.testClass.TestLoginPage_DataDriven" name="loginTestDataDriven" time="7.41"/>
  <testcase classname="com.inetbanking.testClass.TestLoginPage_DataDriven" name="loginTestDataDriven" time="9.24"/>
  <testcase classname="com.inetbanking.testClass.TestLoginPage_DataDriven" name="loginTestDataDriven" time="7.564"/>
</testsuite> <!-- Banking Application Test -->
